{"/home/juan/code/my_npm/webpack-electron-packager/build/index.js":{"path":"/home/juan/code/my_npm/webpack-electron-packager/build/index.js","s":{"1":1,"2":1,"3":1,"4":1,"5":3,"6":3,"7":3,"8":3,"9":1,"10":0,"11":0,"12":0,"13":0,"14":0,"15":1,"16":2,"17":2,"18":1,"19":1,"20":1,"21":1,"22":0,"23":0,"24":0,"25":1,"26":1,"27":1,"28":1},"b":{"1":[1,1],"2":[1,0],"3":[0,0]},"f":{"1":1,"2":3,"3":0,"4":0,"5":2,"6":1},"fnMap":{"1":{"name":"(anonymous_1)","line":4,"loc":{"start":{"line":4,"column":31},"end":{"line":4,"column":43}}},"2":{"name":"WebpackElectronPackager","line":5,"loc":{"start":{"line":5,"column":4},"end":{"line":5,"column":43}}},"3":{"name":"(anonymous_3)","line":13,"loc":{"start":{"line":13,"column":46},"end":{"line":13,"column":66}}},"4":{"name":"(anonymous_4)","line":17,"loc":{"start":{"line":17,"column":38},"end":{"line":17,"column":50}}},"5":{"name":"(anonymous_5)","line":19,"loc":{"start":{"line":19,"column":45},"end":{"line":19,"column":66}}},"6":{"name":"(anonymous_6)","line":24,"loc":{"start":{"line":24,"column":59},"end":{"line":24,"column":72}}}},"statementMap":{"1":{"start":{"line":2,"column":0},"end":{"line":2,"column":168}},"2":{"start":{"line":3,"column":0},"end":{"line":3,"column":31}},"3":{"start":{"line":4,"column":0},"end":{"line":33,"column":5}},"4":{"start":{"line":5,"column":4},"end":{"line":12,"column":5}},"5":{"start":{"line":6,"column":8},"end":{"line":8,"column":50}},"6":{"start":{"line":9,"column":8},"end":{"line":9,"column":47}},"7":{"start":{"line":10,"column":8},"end":{"line":10,"column":66}},"8":{"start":{"line":11,"column":8},"end":{"line":11,"column":109}},"9":{"start":{"line":13,"column":4},"end":{"line":18,"column":6}},"10":{"start":{"line":14,"column":8},"end":{"line":14,"column":25}},"11":{"start":{"line":15,"column":8},"end":{"line":15,"column":55}},"12":{"start":{"line":16,"column":8},"end":{"line":16,"column":27}},"13":{"start":{"line":17,"column":8},"end":{"line":17,"column":108}},"14":{"start":{"line":17,"column":52},"end":{"line":17,"column":104}},"15":{"start":{"line":19,"column":4},"end":{"line":31,"column":6}},"16":{"start":{"line":20,"column":8},"end":{"line":20,"column":25}},"17":{"start":{"line":21,"column":8},"end":{"line":22,"column":83}},"18":{"start":{"line":22,"column":12},"end":{"line":22,"column":83}},"19":{"start":{"line":23,"column":8},"end":{"line":26,"column":16}},"20":{"start":{"line":24,"column":12},"end":{"line":26,"column":16}},"21":{"start":{"line":25,"column":16},"end":{"line":25,"column":72}},"22":{"start":{"line":27,"column":8},"end":{"line":29,"column":9}},"23":{"start":{"line":28,"column":12},"end":{"line":28,"column":73}},"24":{"start":{"line":30,"column":8},"end":{"line":30,"column":20}},"25":{"start":{"line":32,"column":4},"end":{"line":32,"column":35}},"26":{"start":{"line":34,"column":0},"end":{"line":34,"column":62}},"27":{"start":{"line":35,"column":0},"end":{"line":35,"column":42}},"28":{"start":{"line":36,"column":0},"end":{"line":36,"column":41}}},"branchMap":{"1":{"line":21,"type":"if","locations":[{"start":{"line":21,"column":8},"end":{"line":21,"column":8}},{"start":{"line":21,"column":8},"end":{"line":21,"column":8}}]},"2":{"line":23,"type":"if","locations":[{"start":{"line":23,"column":8},"end":{"line":23,"column":8}},{"start":{"line":23,"column":8},"end":{"line":23,"column":8}}]},"3":{"line":27,"type":"if","locations":[{"start":{"line":27,"column":8},"end":{"line":27,"column":8}},{"start":{"line":27,"column":8},"end":{"line":27,"column":8}}]}}},"/home/juan/code/my_npm/webpack-electron-packager/build/util.js":{"path":"/home/juan/code/my_npm/webpack-electron-packager/build/util.js","s":{"1":1,"2":1,"3":4,"4":14,"5":1,"6":1,"7":9,"8":5,"9":1,"10":1,"11":5,"12":1},"b":{"1":[5,4],"2":[1,4],"3":[1,4]},"f":{"1":4,"2":14,"3":9,"4":5},"fnMap":{"1":{"name":"hyphenateKeys","line":3,"loc":{"start":{"line":3,"column":0},"end":{"line":3,"column":29}}},"2":{"name":"(anonymous_2)","line":4,"loc":{"start":{"line":4,"column":27},"end":{"line":4,"column":49}}},"3":{"name":"toArrIfExist","line":9,"loc":{"start":{"line":9,"column":0},"end":{"line":9,"column":25}}},"4":{"name":"concatDefaults","line":14,"loc":{"start":{"line":14,"column":0},"end":{"line":14,"column":30}}}},"statementMap":{"1":{"start":{"line":2,"column":0},"end":{"line":2,"column":26}},"2":{"start":{"line":3,"column":0},"end":{"line":7,"column":1}},"3":{"start":{"line":4,"column":4},"end":{"line":6,"column":7}},"4":{"start":{"line":5,"column":8},"end":{"line":5,"column":69}},"5":{"start":{"line":8,"column":0},"end":{"line":8,"column":38}},"6":{"start":{"line":9,"column":0},"end":{"line":12,"column":1}},"7":{"start":{"line":10,"column":4},"end":{"line":11,"column":42}},"8":{"start":{"line":11,"column":8},"end":{"line":11,"column":42}},"9":{"start":{"line":13,"column":0},"end":{"line":13,"column":36}},"10":{"start":{"line":14,"column":0},"end":{"line":16,"column":1}},"11":{"start":{"line":15,"column":4},"end":{"line":15,"column":33}},"12":{"start":{"line":17,"column":0},"end":{"line":17,"column":40}}},"branchMap":{"1":{"line":10,"type":"if","locations":[{"start":{"line":10,"column":4},"end":{"line":10,"column":4}},{"start":{"line":10,"column":4},"end":{"line":10,"column":4}}]},"2":{"line":11,"type":"cond-expr","locations":[{"start":{"line":11,"column":34},"end":{"line":11,"column":35}},{"start":{"line":11,"column":38},"end":{"line":11,"column":41}}]},"3":{"line":15,"type":"cond-expr","locations":[{"start":{"line":15,"column":17},"end":{"line":15,"column":28}},{"start":{"line":15,"column":31},"end":{"line":15,"column":32}}]}}}}