{"/home/juan/code/my_npm/webpack-electron-packager/build/index.js":{"path":"/home/juan/code/my_npm/webpack-electron-packager/build/index.js","s":{"1":1,"2":0,"3":0,"4":0,"5":0,"6":0,"7":0,"8":1,"9":1,"10":1,"11":1,"12":1,"13":1,"14":3,"15":3,"16":3,"17":0,"18":0,"19":0,"20":0,"21":0,"22":0,"23":0,"24":0,"25":0,"26":0,"27":0,"28":3,"29":0,"30":0,"31":0,"32":0,"33":2,"34":2,"35":1,"36":1,"37":1,"38":1,"39":0,"40":0,"41":0,"42":1,"43":1,"44":1},"b":{"1":[1,1,1,0],"2":[0,0],"3":[0,0],"4":[0,0],"5":[0,0],"6":[1,1],"7":[1,0],"8":[0,0]},"f":{"1":0,"2":3,"3":0,"4":2},"fnMap":{"1":{"name":"(anonymous_1)","line":2,"loc":{"start":{"line":2,"column":59},"end":{"line":2,"column":71}}},"2":{"name":"(anonymous_2)","line":17,"loc":{"start":{"line":17,"column":15},"end":{"line":17,"column":22}}},"3":{"name":"(anonymous_3)","line":48,"loc":{"start":{"line":48,"column":9},"end":{"line":48,"column":20}}},"4":{"name":"(anonymous_4)","line":60,"loc":{"start":{"line":60,"column":8},"end":{"line":60,"column":20}}}},"statementMap":{"1":{"start":{"line":2,"column":0},"end":{"line":9,"column":2}},"2":{"start":{"line":3,"column":4},"end":{"line":7,"column":5}},"3":{"start":{"line":4,"column":8},"end":{"line":4,"column":25}},"4":{"start":{"line":5,"column":8},"end":{"line":6,"column":24}},"5":{"start":{"line":5,"column":25},"end":{"line":6,"column":24}},"6":{"start":{"line":6,"column":12},"end":{"line":6,"column":24}},"7":{"start":{"line":8,"column":4},"end":{"line":8,"column":13}},"8":{"start":{"line":10,"column":0},"end":{"line":10,"column":25}},"9":{"start":{"line":11,"column":0},"end":{"line":11,"column":29}},"10":{"start":{"line":12,"column":0},"end":{"line":12,"column":49}},"11":{"start":{"line":13,"column":0},"end":{"line":13,"column":54}},"12":{"start":{"line":14,"column":0},"end":{"line":14,"column":38}},"13":{"start":{"line":15,"column":0},"end":{"line":15,"column":33}},"14":{"start":{"line":18,"column":8},"end":{"line":21,"column":10}},"15":{"start":{"line":25,"column":8},"end":{"line":25,"column":33}},"16":{"start":{"line":26,"column":8},"end":{"line":45,"column":17}},"17":{"start":{"line":27,"column":16},"end":{"line":27,"column":44}},"18":{"start":{"line":28,"column":16},"end":{"line":44,"column":17}},"19":{"start":{"line":29,"column":20},"end":{"line":29,"column":112}},"20":{"start":{"line":30,"column":20},"end":{"line":30,"column":33}},"21":{"start":{"line":33,"column":20},"end":{"line":33,"column":76}},"22":{"start":{"line":34,"column":20},"end":{"line":42,"column":21}},"23":{"start":{"line":35,"column":24},"end":{"line":41,"column":25}},"24":{"start":{"line":36,"column":28},"end":{"line":36,"column":62}},"25":{"start":{"line":37,"column":28},"end":{"line":37,"column":55}},"26":{"start":{"line":40,"column":28},"end":{"line":40,"column":103}},"27":{"start":{"line":40,"column":87},"end":{"line":40,"column":101}},"28":{"start":{"line":46,"column":8},"end":{"line":46,"column":61}},"29":{"start":{"line":49,"column":8},"end":{"line":49,"column":55}},"30":{"start":{"line":50,"column":8},"end":{"line":50,"column":27}},"31":{"start":{"line":51,"column":8},"end":{"line":51,"column":96}},"32":{"start":{"line":51,"column":44},"end":{"line":51,"column":94}},"33":{"start":{"line":61,"column":8},"end":{"line":61,"column":25}},"34":{"start":{"line":62,"column":8},"end":{"line":63,"column":83}},"35":{"start":{"line":63,"column":12},"end":{"line":63,"column":83}},"36":{"start":{"line":66,"column":8},"end":{"line":67,"column":103}},"37":{"start":{"line":67,"column":12},"end":{"line":67,"column":103}},"38":{"start":{"line":67,"column":52},"end":{"line":67,"column":100}},"39":{"start":{"line":69,"column":8},"end":{"line":71,"column":9}},"40":{"start":{"line":70,"column":12},"end":{"line":70,"column":95}},"41":{"start":{"line":72,"column":8},"end":{"line":72,"column":20}},"42":{"start":{"line":75,"column":0},"end":{"line":75,"column":62}},"43":{"start":{"line":76,"column":0},"end":{"line":76,"column":42}},"44":{"start":{"line":78,"column":0},"end":{"line":78,"column":41}}},"branchMap":{"1":{"line":2,"type":"binary-expr","locations":[{"start":{"line":2,"column":16},"end":{"line":2,"column":20}},{"start":{"line":2,"column":24},"end":{"line":2,"column":37}},{"start":{"line":2,"column":42},"end":{"line":2,"column":55}},{"start":{"line":2,"column":59},"end":{"line":9,"column":1}}]},"2":{"line":5,"type":"if","locations":[{"start":{"line":5,"column":25},"end":{"line":5,"column":25}},{"start":{"line":5,"column":25},"end":{"line":5,"column":25}}]},"3":{"line":28,"type":"if","locations":[{"start":{"line":28,"column":16},"end":{"line":28,"column":16}},{"start":{"line":28,"column":16},"end":{"line":28,"column":16}}]},"4":{"line":34,"type":"if","locations":[{"start":{"line":34,"column":20},"end":{"line":34,"column":20}},{"start":{"line":34,"column":20},"end":{"line":34,"column":20}}]},"5":{"line":35,"type":"if","locations":[{"start":{"line":35,"column":24},"end":{"line":35,"column":24}},{"start":{"line":35,"column":24},"end":{"line":35,"column":24}}]},"6":{"line":62,"type":"if","locations":[{"start":{"line":62,"column":8},"end":{"line":62,"column":8}},{"start":{"line":62,"column":8},"end":{"line":62,"column":8}}]},"7":{"line":66,"type":"if","locations":[{"start":{"line":66,"column":8},"end":{"line":66,"column":8}},{"start":{"line":66,"column":8},"end":{"line":66,"column":8}}]},"8":{"line":69,"type":"if","locations":[{"start":{"line":69,"column":8},"end":{"line":69,"column":8}},{"start":{"line":69,"column":8},"end":{"line":69,"column":8}}]}}},"/home/juan/code/my_npm/webpack-electron-packager/build/util.js":{"path":"/home/juan/code/my_npm/webpack-electron-packager/build/util.js","s":{"1":1,"2":1,"3":0,"4":0,"5":1,"6":1,"7":3,"8":3,"9":1,"10":1,"11":0,"12":1},"b":{"1":[3,0],"2":[0,3],"3":[0,0]},"f":{"1":0,"2":3,"3":0},"fnMap":{"1":{"name":"hyphenateKeys","line":11,"loc":{"start":{"line":11,"column":0},"end":{"line":11,"column":29}}},"2":{"name":"toArrIfExist","line":25,"loc":{"start":{"line":25,"column":0},"end":{"line":25,"column":25}}},"3":{"name":"concatDefaults","line":38,"loc":{"start":{"line":38,"column":0},"end":{"line":38,"column":30}}}},"statementMap":{"1":{"start":{"line":2,"column":0},"end":{"line":2,"column":28}},"2":{"start":{"line":11,"column":0},"end":{"line":15,"column":1}},"3":{"start":{"line":12,"column":4},"end":{"line":14,"column":7}},"4":{"start":{"line":13,"column":8},"end":{"line":13,"column":69}},"5":{"start":{"line":16,"column":0},"end":{"line":16,"column":38}},"6":{"start":{"line":25,"column":0},"end":{"line":28,"column":1}},"7":{"start":{"line":26,"column":4},"end":{"line":27,"column":42}},"8":{"start":{"line":27,"column":8},"end":{"line":27,"column":42}},"9":{"start":{"line":29,"column":0},"end":{"line":29,"column":36}},"10":{"start":{"line":38,"column":0},"end":{"line":40,"column":1}},"11":{"start":{"line":39,"column":4},"end":{"line":39,"column":33}},"12":{"start":{"line":41,"column":0},"end":{"line":41,"column":40}}},"branchMap":{"1":{"line":26,"type":"if","locations":[{"start":{"line":26,"column":4},"end":{"line":26,"column":4}},{"start":{"line":26,"column":4},"end":{"line":26,"column":4}}]},"2":{"line":27,"type":"cond-expr","locations":[{"start":{"line":27,"column":34},"end":{"line":27,"column":35}},{"start":{"line":27,"column":38},"end":{"line":27,"column":41}}]},"3":{"line":39,"type":"cond-expr","locations":[{"start":{"line":39,"column":17},"end":{"line":39,"column":28}},{"start":{"line":39,"column":31},"end":{"line":39,"column":32}}]}}}}